C:\USERS\MARCIN\DOCUMENTS\VISUAL STUDIO 2012\PROJECTS\SPOJ\KART\DEBUG\SOURCE.OBJ
C:\USERS\MARCIN\DOCUMENTS\VISUAL STUDIO 2012\PROJECTS\SPOJ\KART\DEBUG\VC110.PDB
C:\USERS\MARCIN\DOCUMENTS\VISUAL STUDIO 2012\PROJECTS\SPOJ\DEBUG\KART.ILK
C:\USERS\MARCIN\DOCUMENTS\VISUAL STUDIO 2012\PROJECTS\SPOJ\DEBUG\KART.EXE
C:\USERS\MARCIN\DOCUMENTS\VISUAL STUDIO 2012\PROJECTS\SPOJ\DEBUG\KART.PDB
C:\Users\Marcin\Documents\Visual Studio 2012\Projects\SPOJ\KART\Debug\Source.obj
C:\Users\Marcin\Documents\Visual Studio 2012\Projects\SPOJ\KART\Debug\cl.command.1.tlog
C:\Users\Marcin\Documents\Visual Studio 2012\Projects\SPOJ\KART\Debug\CL.read.1.tlog
C:\Users\Marcin\Documents\Visual Studio 2012\Projects\SPOJ\KART\Debug\CL.write.1.tlog
C:\Users\Marcin\Documents\Visual Studio 2012\Projects\SPOJ\KART\Debug\link-cvtres.read.1.tlog
C:\Users\Marcin\Documents\Visual Studio 2012\Projects\SPOJ\KART\Debug\link-cvtres.write.1.tlog
C:\Users\Marcin\Documents\Visual Studio 2012\Projects\SPOJ\KART\Debug\link-rc.read.1.tlog
C:\Users\Marcin\Documents\Visual Studio 2012\Projects\SPOJ\KART\Debug\link-rc.write.1.tlog
C:\Users\Marcin\Documents\Visual Studio 2012\Projects\SPOJ\KART\Debug\link.command.1.tlog
C:\Users\Marcin\Documents\Visual Studio 2012\Projects\SPOJ\KART\Debug\link.read.1.tlog
C:\Users\Marcin\Documents\Visual Studio 2012\Projects\SPOJ\KART\Debug\link.write.1.tlog
C:\Users\Marcin\Documents\Visual Studio 2012\Projects\SPOJ\KART\Debug\vc110.idb
C:\Users\Marcin\Documents\Visual Studio 2012\Projects\SPOJ\KART\Debug\vc110.pdb
C:\Users\Marcin\Documents\Visual Studio 2012\Projects\SPOJ\Debug\KART.pdb
C:\Users\Marcin\Documents\Visual Studio 2012\Projects\SPOJ\Debug\KART.exe
C:\Users\Marcin\Documents\Visual Studio 2012\Projects\SPOJ\Debug\KART.ilk
