C:\USERS\MARCIN\DOCUMENTS\VISUAL STUDIO 2012\PROJECTS\SPOJ\POL\DEBUG\SOURCE.OBJ
C:\USERS\MARCIN\DOCUMENTS\VISUAL STUDIO 2012\PROJECTS\SPOJ\POL\DEBUG\VC110.PDB
C:\USERS\MARCIN\DOCUMENTS\VISUAL STUDIO 2012\PROJECTS\SPOJ\DEBUG\POL.ILK
C:\USERS\MARCIN\DOCUMENTS\VISUAL STUDIO 2012\PROJECTS\SPOJ\DEBUG\POL.EXE
C:\USERS\MARCIN\DOCUMENTS\VISUAL STUDIO 2012\PROJECTS\SPOJ\DEBUG\POL.PDB
C:\Users\Marcin\Documents\Visual Studio 2012\Projects\SPOJ\POL\Debug\Source.obj
C:\Users\Marcin\Documents\Visual Studio 2012\Projects\SPOJ\POL\Debug\cl.command.1.tlog
C:\Users\Marcin\Documents\Visual Studio 2012\Projects\SPOJ\POL\Debug\CL.read.1.tlog
C:\Users\Marcin\Documents\Visual Studio 2012\Projects\SPOJ\POL\Debug\CL.write.1.tlog
C:\Users\Marcin\Documents\Visual Studio 2012\Projects\SPOJ\POL\Debug\link-cvtres.read.1.tlog
C:\Users\Marcin\Documents\Visual Studio 2012\Projects\SPOJ\POL\Debug\link-cvtres.write.1.tlog
C:\Users\Marcin\Documents\Visual Studio 2012\Projects\SPOJ\POL\Debug\link-rc.read.1.tlog
C:\Users\Marcin\Documents\Visual Studio 2012\Projects\SPOJ\POL\Debug\link-rc.write.1.tlog
C:\Users\Marcin\Documents\Visual Studio 2012\Projects\SPOJ\POL\Debug\link.command.1.tlog
C:\Users\Marcin\Documents\Visual Studio 2012\Projects\SPOJ\POL\Debug\link.read.1.tlog
C:\Users\Marcin\Documents\Visual Studio 2012\Projects\SPOJ\POL\Debug\link.write.1.tlog
C:\Users\Marcin\Documents\Visual Studio 2012\Projects\SPOJ\POL\Debug\vc110.idb
C:\Users\Marcin\Documents\Visual Studio 2012\Projects\SPOJ\POL\Debug\vc110.pdb
C:\Users\Marcin\Documents\Visual Studio 2012\Projects\SPOJ\Debug\POL.pdb
C:\Users\Marcin\Documents\Visual Studio 2012\Projects\SPOJ\Debug\POL.exe
C:\Users\Marcin\Documents\Visual Studio 2012\Projects\SPOJ\Debug\POL.ilk
