C:\USERS\MARCIN\DOCUMENTS\VISUAL STUDIO 2012\PROJECTS\SPOJ\TCONNUM\DEBUG\SOURCE.OBJ
C:\USERS\MARCIN\DOCUMENTS\VISUAL STUDIO 2012\PROJECTS\SPOJ\TCONNUM\DEBUG\VC110.PDB
C:\USERS\MARCIN\DOCUMENTS\VISUAL STUDIO 2012\PROJECTS\SPOJ\DEBUG\TCONNUM.ILK
C:\USERS\MARCIN\DOCUMENTS\VISUAL STUDIO 2012\PROJECTS\SPOJ\DEBUG\TCONNUM.EXE
C:\USERS\MARCIN\DOCUMENTS\VISUAL STUDIO 2012\PROJECTS\SPOJ\DEBUG\TCONNUM.PDB
C:\Users\Marcin\Documents\Visual Studio 2012\Projects\SPOJ\TCONNUM\Debug\Source.obj
C:\Users\Marcin\Documents\Visual Studio 2012\Projects\SPOJ\TCONNUM\Debug\cl.command.1.tlog
C:\Users\Marcin\Documents\Visual Studio 2012\Projects\SPOJ\TCONNUM\Debug\CL.read.1.tlog
C:\Users\Marcin\Documents\Visual Studio 2012\Projects\SPOJ\TCONNUM\Debug\CL.write.1.tlog
C:\Users\Marcin\Documents\Visual Studio 2012\Projects\SPOJ\TCONNUM\Debug\link-cvtres.read.1.tlog
C:\Users\Marcin\Documents\Visual Studio 2012\Projects\SPOJ\TCONNUM\Debug\link-cvtres.write.1.tlog
C:\Users\Marcin\Documents\Visual Studio 2012\Projects\SPOJ\TCONNUM\Debug\link-rc.read.1.tlog
C:\Users\Marcin\Documents\Visual Studio 2012\Projects\SPOJ\TCONNUM\Debug\link-rc.write.1.tlog
C:\Users\Marcin\Documents\Visual Studio 2012\Projects\SPOJ\TCONNUM\Debug\link.10428-cvtres.read.1.tlog
C:\Users\Marcin\Documents\Visual Studio 2012\Projects\SPOJ\TCONNUM\Debug\link.10428-cvtres.write.1.tlog
C:\Users\Marcin\Documents\Visual Studio 2012\Projects\SPOJ\TCONNUM\Debug\link.10428-rc.read.1.tlog
C:\Users\Marcin\Documents\Visual Studio 2012\Projects\SPOJ\TCONNUM\Debug\link.10428-rc.write.1.tlog
C:\Users\Marcin\Documents\Visual Studio 2012\Projects\SPOJ\TCONNUM\Debug\link.10428.read.1.tlog
C:\Users\Marcin\Documents\Visual Studio 2012\Projects\SPOJ\TCONNUM\Debug\link.10428.write.1.tlog
C:\Users\Marcin\Documents\Visual Studio 2012\Projects\SPOJ\TCONNUM\Debug\link.31492-cvtres.read.1.tlog
C:\Users\Marcin\Documents\Visual Studio 2012\Projects\SPOJ\TCONNUM\Debug\link.31492-cvtres.write.1.tlog
C:\Users\Marcin\Documents\Visual Studio 2012\Projects\SPOJ\TCONNUM\Debug\link.31492-rc.read.1.tlog
C:\Users\Marcin\Documents\Visual Studio 2012\Projects\SPOJ\TCONNUM\Debug\link.31492-rc.write.1.tlog
C:\Users\Marcin\Documents\Visual Studio 2012\Projects\SPOJ\TCONNUM\Debug\link.31492.read.1.tlog
C:\Users\Marcin\Documents\Visual Studio 2012\Projects\SPOJ\TCONNUM\Debug\link.31492.write.1.tlog
C:\Users\Marcin\Documents\Visual Studio 2012\Projects\SPOJ\TCONNUM\Debug\link.5860-cvtres.read.1.tlog
C:\Users\Marcin\Documents\Visual Studio 2012\Projects\SPOJ\TCONNUM\Debug\link.5860-cvtres.write.1.tlog
C:\Users\Marcin\Documents\Visual Studio 2012\Projects\SPOJ\TCONNUM\Debug\link.5860-rc.read.1.tlog
C:\Users\Marcin\Documents\Visual Studio 2012\Projects\SPOJ\TCONNUM\Debug\link.5860-rc.write.1.tlog
C:\Users\Marcin\Documents\Visual Studio 2012\Projects\SPOJ\TCONNUM\Debug\link.5860.read.1.tlog
C:\Users\Marcin\Documents\Visual Studio 2012\Projects\SPOJ\TCONNUM\Debug\link.5860.write.1.tlog
C:\Users\Marcin\Documents\Visual Studio 2012\Projects\SPOJ\TCONNUM\Debug\link.63100-cvtres.read.1.tlog
C:\Users\Marcin\Documents\Visual Studio 2012\Projects\SPOJ\TCONNUM\Debug\link.63100-cvtres.write.1.tlog
C:\Users\Marcin\Documents\Visual Studio 2012\Projects\SPOJ\TCONNUM\Debug\link.63100-rc.read.1.tlog
C:\Users\Marcin\Documents\Visual Studio 2012\Projects\SPOJ\TCONNUM\Debug\link.63100-rc.write.1.tlog
C:\Users\Marcin\Documents\Visual Studio 2012\Projects\SPOJ\TCONNUM\Debug\link.63100.read.1.tlog
C:\Users\Marcin\Documents\Visual Studio 2012\Projects\SPOJ\TCONNUM\Debug\link.63100.write.1.tlog
C:\Users\Marcin\Documents\Visual Studio 2012\Projects\SPOJ\TCONNUM\Debug\link.77904-cvtres.read.1.tlog
C:\Users\Marcin\Documents\Visual Studio 2012\Projects\SPOJ\TCONNUM\Debug\link.77904-cvtres.write.1.tlog
C:\Users\Marcin\Documents\Visual Studio 2012\Projects\SPOJ\TCONNUM\Debug\link.77904-rc.read.1.tlog
C:\Users\Marcin\Documents\Visual Studio 2012\Projects\SPOJ\TCONNUM\Debug\link.77904-rc.write.1.tlog
C:\Users\Marcin\Documents\Visual Studio 2012\Projects\SPOJ\TCONNUM\Debug\link.77904.read.1.tlog
C:\Users\Marcin\Documents\Visual Studio 2012\Projects\SPOJ\TCONNUM\Debug\link.77904.write.1.tlog
C:\Users\Marcin\Documents\Visual Studio 2012\Projects\SPOJ\TCONNUM\Debug\link.command.1.tlog
C:\Users\Marcin\Documents\Visual Studio 2012\Projects\SPOJ\TCONNUM\Debug\link.read.1.tlog
C:\Users\Marcin\Documents\Visual Studio 2012\Projects\SPOJ\TCONNUM\Debug\link.write.1.tlog
C:\Users\Marcin\Documents\Visual Studio 2012\Projects\SPOJ\TCONNUM\Debug\vc110.idb
C:\Users\Marcin\Documents\Visual Studio 2012\Projects\SPOJ\TCONNUM\Debug\vc110.pdb
C:\Users\Marcin\Documents\Visual Studio 2012\Projects\SPOJ\Debug\TCONNUM.pdb
C:\Users\Marcin\Documents\Visual Studio 2012\Projects\SPOJ\Debug\TCONNUM.exe
C:\Users\Marcin\Documents\Visual Studio 2012\Projects\SPOJ\Debug\TCONNUM.ilk
